#! /opt/homebrew/Cellar/icarus-verilog/12.0/bin/vvp
:ivl_version "12.0 (stable)";
:ivl_delay_selection "TYPICAL";
:vpi_time_precision - 12;
:vpi_module "/opt/homebrew/Cellar/icarus-verilog/12.0/lib/ivl/system.vpi";
:vpi_module "/opt/homebrew/Cellar/icarus-verilog/12.0/lib/ivl/vhdl_sys.vpi";
:vpi_module "/opt/homebrew/Cellar/icarus-verilog/12.0/lib/ivl/vhdl_textio.vpi";
:vpi_module "/opt/homebrew/Cellar/icarus-verilog/12.0/lib/ivl/v2005_math.vpi";
:vpi_module "/opt/homebrew/Cellar/icarus-verilog/12.0/lib/ivl/va_math.vpi";
S_0x139705300 .scope module, "stopwatch_tb" "stopwatch_tb" 2 6;
 .timescale -9 -12;
v0x13971b850_0 .net "an", 3 0, v0x1397173a0_0;  1 drivers
v0x13971b900_0 .var "btn_pause", 0 0;
v0x13971b9e0_0 .var "btn_reset", 0 0;
v0x13971ba70_0 .var "clk_100MHz", 0 0;
v0x13971bb40_0 .net "seg", 6 0, v0x139717840_0;  1 drivers
v0x13971bc50_0 .var "sw_adj", 0 0;
v0x13971bd20_0 .var "sw_sel", 0 0;
S_0x139705470 .scope module, "uut" "stopwatch" 2 19, 3 7 0, S_0x139705300;
 .timescale -9 -12;
    .port_info 0 /INPUT 1 "clk_100MHz";
    .port_info 1 /INPUT 1 "btn_reset";
    .port_info 2 /INPUT 1 "btn_pause";
    .port_info 3 /INPUT 1 "sw_adj";
    .port_info 4 /INPUT 1 "sw_sel";
    .port_info 5 /OUTPUT 7 "seg";
    .port_info 6 /OUTPUT 4 "an";
L_0x13971bdf0 .functor AND 1, v0x13971bc50_0, v0x13971bd20_0, C4<1>, C4<1>;
L_0x13971c000 .functor NOT 1, v0x13971bd20_0, C4<0>, C4<0>, C4<0>;
L_0x13971c0f0 .functor AND 1, v0x13971bc50_0, L_0x13971c000, C4<1>, C4<1>;
L_0x13971c300 .functor NOT 1, v0x13971bd20_0, C4<0>, C4<0>, C4<0>;
v0x13971a4f0_0 .net *"_ivl_1", 0 0, L_0x13971bdf0;  1 drivers
v0x13971a5a0_0 .net *"_ivl_10", 0 0, L_0x13971c300;  1 drivers
v0x13971a640_0 .net *"_ivl_4", 0 0, L_0x13971c000;  1 drivers
v0x13971a6e0_0 .net *"_ivl_7", 0 0, L_0x13971c0f0;  1 drivers
v0x13971a780_0 .net "an", 3 0, v0x1397173a0_0;  alias, 1 drivers
v0x13971a860_0 .net "btn_pause", 0 0, v0x13971b900_0;  1 drivers
v0x13971a910_0 .net "btn_reset", 0 0, v0x13971b9e0_0;  1 drivers
v0x13971a9e0_0 .net "clk_100MHz", 0 0, v0x13971ba70_0;  1 drivers
v0x13971aa70_0 .net "clk_1Hz", 0 0, v0x139715d80_0;  1 drivers
v0x13971aba0_0 .net "clk_2Hz", 0 0, v0x139715e20_0;  1 drivers
v0x13971ac30_0 .net "clk_blink", 0 0, v0x139715eb0_0;  1 drivers
v0x13971ad00_0 .net "clk_fast", 0 0, v0x139715f40_0;  1 drivers
v0x13971ae10_0 .net "digits", 15 0, L_0x13971c6d0;  1 drivers
v0x13971aea0_0 .net "min_clk", 0 0, L_0x13971c1e0;  1 drivers
v0x13971af30_0 .net "min_ones", 3 0, v0x1397181d0_0;  1 drivers
v0x13971afc0_0 .net "min_pause", 0 0, L_0x13971c490;  1 drivers
v0x13971b050_0 .net "min_tens", 3 0, v0x139718800_0;  1 drivers
v0x13971b220_0 .net "minute_enable", 0 0, v0x139719b80_0;  1 drivers
v0x13971b2b0_0 .net "pause_debounced", 0 0, v0x139716700_0;  1 drivers
v0x13971b340_0 .net "reset_debounced", 0 0, v0x139716c20_0;  1 drivers
v0x13971b3d0_0 .net "sec_clk", 0 0, L_0x13971be60;  1 drivers
v0x13971b460_0 .net "sec_ones", 3 0, v0x139719630_0;  1 drivers
v0x13971b4f0_0 .net "sec_pause", 0 0, L_0x13971c370;  1 drivers
v0x13971b580_0 .net "sec_tens", 3 0, v0x139719cc0_0;  1 drivers
v0x13971b650_0 .net "seg", 6 0, v0x139717840_0;  alias, 1 drivers
v0x13971b6e0_0 .net "sw_adj", 0 0, v0x13971bc50_0;  1 drivers
v0x13971b770_0 .net "sw_sel", 0 0, v0x13971bd20_0;  1 drivers
L_0x13971be60 .functor MUXZ 1, v0x139715d80_0, v0x139715e20_0, L_0x13971bdf0, C4<>;
L_0x13971c1e0 .functor MUXZ 1, v0x139719b80_0, v0x139715e20_0, L_0x13971c0f0, C4<>;
L_0x13971c370 .functor MUXZ 1, v0x139716700_0, L_0x13971c300, v0x13971bc50_0, C4<>;
L_0x13971c490 .functor MUXZ 1, v0x139716700_0, v0x13971bd20_0, v0x13971bc50_0, C4<>;
L_0x13971c6d0 .concat [ 4 4 4 4], v0x139719630_0, v0x139719cc0_0, v0x1397181d0_0, v0x139718800_0;
S_0x139705720 .scope module, "clk_div_inst" "clock_divider" 3 21, 4 10 0, S_0x139705470;
 .timescale -9 -12;
    .port_info 0 /INPUT 1 "clk_100MHz";
    .port_info 1 /INPUT 1 "reset";
    .port_info 2 /OUTPUT 1 "clk_2Hz";
    .port_info 3 /OUTPUT 1 "clk_1Hz";
    .port_info 4 /OUTPUT 1 "clk_fast";
    .port_info 5 /OUTPUT 1 "clk_blink";
P_0x1397058e0 .param/l "DIV_1HZ" 1 4 30, +C4<00000010111110101111000010000000>;
P_0x139705920 .param/l "DIV_2HZ" 1 4 25, +C4<00000001011111010111100001000000>;
P_0x139705960 .param/l "DIV_BLINK" 1 4 39, +C4<00000000001011111010111100001000>;
P_0x1397059a0 .param/l "DIV_FAST" 1 4 35, +C4<00000000000000111101000010010000>;
v0x139705cd0_0 .net "clk_100MHz", 0 0, v0x13971ba70_0;  alias, 1 drivers
v0x139715d80_0 .var "clk_1Hz", 0 0;
v0x139715e20_0 .var "clk_2Hz", 0 0;
v0x139715eb0_0 .var "clk_blink", 0 0;
v0x139715f40_0 .var "clk_fast", 0 0;
v0x139715fd0_0 .var "counter_1Hz", 25 0;
v0x139716080_0 .var "counter_2Hz", 25 0;
v0x139716130_0 .var "counter_blink", 25 0;
v0x1397161e0_0 .var "counter_fast", 25 0;
v0x1397162f0_0 .net "reset", 0 0, v0x13971b9e0_0;  alias, 1 drivers
E_0x139705c80 .event posedge, v0x1397162f0_0, v0x139705cd0_0;
S_0x139716420 .scope module, "db_pause" "debounce" 3 39, 5 6 0, S_0x139705470;
 .timescale -9 -12;
    .port_info 0 /INPUT 1 "clk";
    .port_info 1 /INPUT 1 "btn_in";
    .port_info 2 /OUTPUT 1 "btn_out";
v0x139716670_0 .net "btn_in", 0 0, v0x13971b900_0;  alias, 1 drivers
v0x139716700_0 .var "btn_out", 0 0;
v0x139716790_0 .net "clk", 0 0, v0x139715f40_0;  alias, 1 drivers
v0x139716860_0 .var "shift_reg", 15 0;
E_0x139716630 .event posedge, v0x139715f40_0;
S_0x139716940 .scope module, "db_reset" "debounce" 3 34, 5 6 0, S_0x139705470;
 .timescale -9 -12;
    .port_info 0 /INPUT 1 "clk";
    .port_info 1 /INPUT 1 "btn_in";
    .port_info 2 /OUTPUT 1 "btn_out";
v0x139716b70_0 .net "btn_in", 0 0, v0x13971b9e0_0;  alias, 1 drivers
v0x139716c20_0 .var "btn_out", 0 0;
v0x139716cb0_0 .net "clk", 0 0, v0x139715f40_0;  alias, 1 drivers
v0x139716da0_0 .var "shift_reg", 15 0;
S_0x139716e70 .scope module, "display_inst" "sevseg_mux" 3 111, 6 6 0, S_0x139705470;
 .timescale -9 -12;
    .port_info 0 /INPUT 1 "clk";
    .port_info 1 /INPUT 1 "clk_blink";
    .port_info 2 /INPUT 1 "adjust";
    .port_info 3 /INPUT 1 "sel";
    .port_info 4 /INPUT 16 "digits";
    .port_info 5 /OUTPUT 7 "seg";
    .port_info 6 /OUTPUT 4 "an";
v0x1397172f0_0 .net "adjust", 0 0, v0x13971bc50_0;  alias, 1 drivers
v0x1397173a0_0 .var "an", 3 0;
v0x139717440_0 .var "blink", 0 0;
v0x1397174f0_0 .net "clk", 0 0, v0x139715f40_0;  alias, 1 drivers
v0x139717580_0 .net "clk_blink", 0 0, v0x139715eb0_0;  alias, 1 drivers
v0x139717650_0 .var "digit", 3 0;
v0x1397176e0_0 .var "digit_sel", 1 0;
v0x139717790_0 .net "digits", 15 0, L_0x13971c6d0;  alias, 1 drivers
v0x139717840_0 .var "seg", 6 0;
v0x139717970_0 .var "seg_temp", 6 0;
v0x139717a20_0 .net "sel", 0 0, v0x13971bd20_0;  alias, 1 drivers
E_0x139717120 .event anyedge, v0x1397176e0_0;
E_0x139717180 .event anyedge, v0x139717440_0, v0x139717970_0;
E_0x1397171d0 .event anyedge, v0x139717650_0;
E_0x139717210 .event anyedge, v0x1397172f0_0, v0x139717a20_0, v0x1397176e0_0, v0x139715eb0_0;
E_0x139717270 .event anyedge, v0x1397176e0_0, v0x139717790_0;
S_0x139717b30 .scope module, "min_counter_inst" "minutes_counter" 3 92, 7 9 0, S_0x139705470;
 .timescale -9 -12;
    .port_info 0 /INPUT 1 "clk";
    .port_info 1 /INPUT 1 "reset";
    .port_info 2 /INPUT 1 "pause";
    .port_info 3 /OUTPUT 4 "min_ones";
    .port_info 4 /OUTPUT 4 "min_tens";
L_0x13971c620 .functor NOT 1, L_0x13971c490, C4<0>, C4<0>, C4<0>;
v0x139718ab0_0 .net "clk", 0 0, L_0x13971c1e0;  alias, 1 drivers
v0x139718b80_0 .net "en", 0 0, L_0x13971c620;  1 drivers
v0x139718c10_0 .net "min_ones", 3 0, v0x1397181d0_0;  alias, 1 drivers
v0x139718cc0_0 .net "min_tens", 3 0, v0x139718800_0;  alias, 1 drivers
v0x139718d70_0 .net "ones_carry", 0 0, v0x139718080_0;  1 drivers
v0x139718e80_0 .net "pause", 0 0, L_0x13971c490;  alias, 1 drivers
v0x139718f10_0 .net "reset", 0 0, v0x139716c20_0;  alias, 1 drivers
S_0x139717da0 .scope module, "ones_counter" "decade_counter" 7 24, 8 8 0, S_0x139717b30;
 .timescale -9 -12;
    .port_info 0 /INPUT 1 "clk";
    .port_info 1 /INPUT 1 "reset";
    .port_info 2 /INPUT 1 "en";
    .port_info 3 /OUTPUT 4 "count";
    .port_info 4 /OUTPUT 1 "carry";
v0x139718080_0 .var "carry", 0 0;
v0x139718130_0 .net "clk", 0 0, L_0x13971c1e0;  alias, 1 drivers
v0x1397181d0_0 .var "count", 3 0;
v0x139718270_0 .net "en", 0 0, L_0x13971c620;  alias, 1 drivers
v0x139718310_0 .net "reset", 0 0, v0x139716c20_0;  alias, 1 drivers
E_0x139718020 .event posedge, v0x139716c20_0, v0x139718130_0;
S_0x139718450 .scope module, "tens_counter" "mod6_counter" 7 34, 9 6 0, S_0x139717b30;
 .timescale -9 -12;
    .port_info 0 /INPUT 1 "clk";
    .port_info 1 /INPUT 1 "reset";
    .port_info 2 /INPUT 1 "en";
    .port_info 3 /OUTPUT 4 "count";
    .port_info 4 /OUTPUT 1 "carry";
v0x1397186a0_0 .var "carry", 0 0;
v0x139718740_0 .net "clk", 0 0, L_0x13971c1e0;  alias, 1 drivers
v0x139718800_0 .var "count", 3 0;
v0x1397188b0_0 .net "en", 0 0, v0x139718080_0;  alias, 1 drivers
v0x139718960_0 .net "reset", 0 0, v0x139716c20_0;  alias, 1 drivers
S_0x139718fd0 .scope module, "sec_counter_inst" "seconds_counter" 3 79, 10 10 0, S_0x139705470;
 .timescale -9 -12;
    .port_info 0 /INPUT 1 "clk";
    .port_info 1 /INPUT 1 "reset";
    .port_info 2 /INPUT 1 "pause";
    .port_info 3 /OUTPUT 4 "sec_ones";
    .port_info 4 /OUTPUT 4 "sec_tens";
    .port_info 5 /OUTPUT 1 "minute_enable";
L_0x13971c570 .functor NOT 1, L_0x13971c370, C4<0>, C4<0>, C4<0>;
v0x139719f40_0 .net "clk", 0 0, L_0x13971be60;  alias, 1 drivers
v0x13971a010_0 .net "en", 0 0, L_0x13971c570;  1 drivers
v0x13971a0a0_0 .net "minute_enable", 0 0, v0x139719b80_0;  alias, 1 drivers
v0x13971a150_0 .net "ones_carry", 0 0, v0x1397194e0_0;  1 drivers
v0x13971a220_0 .net "pause", 0 0, L_0x13971c370;  alias, 1 drivers
v0x13971a2f0_0 .net "reset", 0 0, v0x139716c20_0;  alias, 1 drivers
v0x13971a380_0 .net "sec_ones", 3 0, v0x139719630_0;  alias, 1 drivers
v0x13971a410_0 .net "sec_tens", 3 0, v0x139719cc0_0;  alias, 1 drivers
S_0x139719220 .scope module, "ones_counter" "decade_counter" 10 26, 8 8 0, S_0x139718fd0;
 .timescale -9 -12;
    .port_info 0 /INPUT 1 "clk";
    .port_info 1 /INPUT 1 "reset";
    .port_info 2 /INPUT 1 "en";
    .port_info 3 /OUTPUT 4 "count";
    .port_info 4 /OUTPUT 1 "carry";
v0x1397194e0_0 .var "carry", 0 0;
v0x139719590_0 .net "clk", 0 0, L_0x13971be60;  alias, 1 drivers
v0x139719630_0 .var "count", 3 0;
v0x1397196f0_0 .net "en", 0 0, L_0x13971c570;  alias, 1 drivers
v0x139719790_0 .net "reset", 0 0, v0x139716c20_0;  alias, 1 drivers
E_0x139719490 .event posedge, v0x139716c20_0, v0x139719590_0;
S_0x139719940 .scope module, "tens_counter" "mod6_counter" 10 36, 9 6 0, S_0x139718fd0;
 .timescale -9 -12;
    .port_info 0 /INPUT 1 "clk";
    .port_info 1 /INPUT 1 "reset";
    .port_info 2 /INPUT 1 "en";
    .port_info 3 /OUTPUT 4 "count";
    .port_info 4 /OUTPUT 1 "carry";
v0x139719b80_0 .var "carry", 0 0;
v0x139719c10_0 .net "clk", 0 0, L_0x13971be60;  alias, 1 drivers
v0x139719cc0_0 .var "count", 3 0;
v0x139719d70_0 .net "en", 0 0, v0x1397194e0_0;  alias, 1 drivers
v0x139719e20_0 .net "reset", 0 0, v0x139716c20_0;  alias, 1 drivers
    .scope S_0x139705720;
T_0 ;
    %wait E_0x139705c80;
    %load/vec4 v0x1397162f0_0;
    %flag_set/vec4 8;
    %jmp/0xz  T_0.0, 8;
    %pushi/vec4 0, 0, 26;
    %assign/vec4 v0x139716080_0, 0;
    %pushi/vec4 0, 0, 1;
    %assign/vec4 v0x139715e20_0, 0;
    %jmp T_0.1;
T_0.0 ;
    %load/vec4 v0x139716080_0;
    %pad/u 32;
    %cmpi/u 24999999, 0, 32;
    %flag_inv 5; GE is !LT
    %jmp/0xz  T_0.2, 5;
    %pushi/vec4 0, 0, 26;
    %assign/vec4 v0x139716080_0, 0;
    %load/vec4 v0x139715e20_0;
    %inv;
    %assign/vec4 v0x139715e20_0, 0;
    %jmp T_0.3;
T_0.2 ;
    %load/vec4 v0x139716080_0;
    %addi 1, 0, 26;
    %assign/vec4 v0x139716080_0, 0;
T_0.3 ;
T_0.1 ;
    %jmp T_0;
    .thread T_0;
    .scope S_0x139705720;
T_1 ;
    %wait E_0x139705c80;
    %load/vec4 v0x1397162f0_0;
    %flag_set/vec4 8;
    %jmp/0xz  T_1.0, 8;
    %pushi/vec4 0, 0, 26;
    %assign/vec4 v0x139715fd0_0, 0;
    %pushi/vec4 0, 0, 1;
    %assign/vec4 v0x139715d80_0, 0;
    %jmp T_1.1;
T_1.0 ;
    %load/vec4 v0x139715fd0_0;
    %pad/u 32;
    %cmpi/u 49999999, 0, 32;
    %flag_inv 5; GE is !LT
    %jmp/0xz  T_1.2, 5;
    %pushi/vec4 0, 0, 26;
    %assign/vec4 v0x139715fd0_0, 0;
    %load/vec4 v0x139715d80_0;
    %inv;
    %assign/vec4 v0x139715d80_0, 0;
    %jmp T_1.3;
T_1.2 ;
    %load/vec4 v0x139715fd0_0;
    %addi 1, 0, 26;
    %assign/vec4 v0x139715fd0_0, 0;
T_1.3 ;
T_1.1 ;
    %jmp T_1;
    .thread T_1;
    .scope S_0x139705720;
T_2 ;
    %wait E_0x139705c80;
    %load/vec4 v0x1397162f0_0;
    %flag_set/vec4 8;
    %jmp/0xz  T_2.0, 8;
    %pushi/vec4 0, 0, 26;
    %assign/vec4 v0x1397161e0_0, 0;
    %pushi/vec4 0, 0, 1;
    %assign/vec4 v0x139715f40_0, 0;
    %jmp T_2.1;
T_2.0 ;
    %load/vec4 v0x1397161e0_0;
    %pad/u 32;
    %cmpi/u 249999, 0, 32;
    %flag_inv 5; GE is !LT
    %jmp/0xz  T_2.2, 5;
    %pushi/vec4 0, 0, 26;
    %assign/vec4 v0x1397161e0_0, 0;
    %load/vec4 v0x139715f40_0;
    %inv;
    %assign/vec4 v0x139715f40_0, 0;
    %jmp T_2.3;
T_2.2 ;
    %load/vec4 v0x1397161e0_0;
    %addi 1, 0, 26;
    %assign/vec4 v0x1397161e0_0, 0;
T_2.3 ;
T_2.1 ;
    %jmp T_2;
    .thread T_2;
    .scope S_0x139705720;
T_3 ;
    %wait E_0x139705c80;
    %load/vec4 v0x1397162f0_0;
    %flag_set/vec4 8;
    %jmp/0xz  T_3.0, 8;
    %pushi/vec4 0, 0, 26;
    %assign/vec4 v0x139716130_0, 0;
    %pushi/vec4 0, 0, 1;
    %assign/vec4 v0x139715eb0_0, 0;
    %jmp T_3.1;
T_3.0 ;
    %load/vec4 v0x139716130_0;
    %pad/u 32;
    %cmpi/u 3124999, 0, 32;
    %flag_inv 5; GE is !LT
    %jmp/0xz  T_3.2, 5;
    %pushi/vec4 0, 0, 26;
    %assign/vec4 v0x139716130_0, 0;
    %load/vec4 v0x139715eb0_0;
    %inv;
    %assign/vec4 v0x139715eb0_0, 0;
    %jmp T_3.3;
T_3.2 ;
    %load/vec4 v0x139716130_0;
    %addi 1, 0, 26;
    %assign/vec4 v0x139716130_0, 0;
T_3.3 ;
T_3.1 ;
    %jmp T_3;
    .thread T_3;
    .scope S_0x139716940;
T_4 ;
    %pushi/vec4 0, 0, 16;
    %store/vec4 v0x139716da0_0, 0, 16;
    %end;
    .thread T_4;
    .scope S_0x139716940;
T_5 ;
    %wait E_0x139716630;
    %load/vec4 v0x139716da0_0;
    %parti/s 15, 0, 2;
    %load/vec4 v0x139716b70_0;
    %concat/vec4; draw_concat_vec4
    %assign/vec4 v0x139716da0_0, 0;
    %load/vec4 v0x139716da0_0;
    %cmpi/e 65535, 0, 16;
    %jmp/0xz  T_5.0, 4;
    %pushi/vec4 1, 0, 1;
    %assign/vec4 v0x139716c20_0, 0;
    %jmp T_5.1;
T_5.0 ;
    %load/vec4 v0x139716da0_0;
    %cmpi/e 0, 0, 16;
    %jmp/0xz  T_5.2, 4;
    %pushi/vec4 0, 0, 1;
    %assign/vec4 v0x139716c20_0, 0;
T_5.2 ;
T_5.1 ;
    %jmp T_5;
    .thread T_5;
    .scope S_0x139716420;
T_6 ;
    %pushi/vec4 0, 0, 16;
    %store/vec4 v0x139716860_0, 0, 16;
    %end;
    .thread T_6;
    .scope S_0x139716420;
T_7 ;
    %wait E_0x139716630;
    %load/vec4 v0x139716860_0;
    %parti/s 15, 0, 2;
    %load/vec4 v0x139716670_0;
    %concat/vec4; draw_concat_vec4
    %assign/vec4 v0x139716860_0, 0;
    %load/vec4 v0x139716860_0;
    %cmpi/e 65535, 0, 16;
    %jmp/0xz  T_7.0, 4;
    %pushi/vec4 1, 0, 1;
    %assign/vec4 v0x139716700_0, 0;
    %jmp T_7.1;
T_7.0 ;
    %load/vec4 v0x139716860_0;
    %cmpi/e 0, 0, 16;
    %jmp/0xz  T_7.2, 4;
    %pushi/vec4 0, 0, 1;
    %assign/vec4 v0x139716700_0, 0;
T_7.2 ;
T_7.1 ;
    %jmp T_7;
    .thread T_7;
    .scope S_0x139719220;
T_8 ;
    %wait E_0x139719490;
    %load/vec4 v0x139719790_0;
    %flag_set/vec4 8;
    %jmp/0xz  T_8.0, 8;
    %pushi/vec4 0, 0, 4;
    %assign/vec4 v0x139719630_0, 0;
    %pushi/vec4 0, 0, 1;
    %assign/vec4 v0x1397194e0_0, 0;
    %jmp T_8.1;
T_8.0 ;
    %load/vec4 v0x1397196f0_0;
    %flag_set/vec4 8;
    %jmp/0xz  T_8.2, 8;
    %load/vec4 v0x139719630_0;
    %cmpi/e 9, 0, 4;
    %jmp/0xz  T_8.4, 4;
    %pushi/vec4 0, 0, 4;
    %assign/vec4 v0x139719630_0, 0;
    %pushi/vec4 1, 0, 1;
    %assign/vec4 v0x1397194e0_0, 0;
    %jmp T_8.5;
T_8.4 ;
    %load/vec4 v0x139719630_0;
    %addi 1, 0, 4;
    %assign/vec4 v0x139719630_0, 0;
    %pushi/vec4 0, 0, 1;
    %assign/vec4 v0x1397194e0_0, 0;
T_8.5 ;
    %jmp T_8.3;
T_8.2 ;
    %pushi/vec4 0, 0, 1;
    %assign/vec4 v0x1397194e0_0, 0;
T_8.3 ;
T_8.1 ;
    %jmp T_8;
    .thread T_8;
    .scope S_0x139719940;
T_9 ;
    %wait E_0x139719490;
    %load/vec4 v0x139719e20_0;
    %flag_set/vec4 8;
    %jmp/0xz  T_9.0, 8;
    %pushi/vec4 0, 0, 4;
    %assign/vec4 v0x139719cc0_0, 0;
    %pushi/vec4 0, 0, 1;
    %assign/vec4 v0x139719b80_0, 0;
    %jmp T_9.1;
T_9.0 ;
    %load/vec4 v0x139719d70_0;
    %flag_set/vec4 8;
    %jmp/0xz  T_9.2, 8;
    %load/vec4 v0x139719cc0_0;
    %cmpi/e 5, 0, 4;
    %jmp/0xz  T_9.4, 4;
    %pushi/vec4 0, 0, 4;
    %assign/vec4 v0x139719cc0_0, 0;
    %pushi/vec4 1, 0, 1;
    %assign/vec4 v0x139719b80_0, 0;
    %jmp T_9.5;
T_9.4 ;
    %load/vec4 v0x139719cc0_0;
    %addi 1, 0, 4;
    %assign/vec4 v0x139719cc0_0, 0;
    %pushi/vec4 0, 0, 1;
    %assign/vec4 v0x139719b80_0, 0;
T_9.5 ;
    %jmp T_9.3;
T_9.2 ;
    %pushi/vec4 0, 0, 1;
    %assign/vec4 v0x139719b80_0, 0;
T_9.3 ;
T_9.1 ;
    %jmp T_9;
    .thread T_9;
    .scope S_0x139717da0;
T_10 ;
    %wait E_0x139718020;
    %load/vec4 v0x139718310_0;
    %flag_set/vec4 8;
    %jmp/0xz  T_10.0, 8;
    %pushi/vec4 0, 0, 4;
    %assign/vec4 v0x1397181d0_0, 0;
    %pushi/vec4 0, 0, 1;
    %assign/vec4 v0x139718080_0, 0;
    %jmp T_10.1;
T_10.0 ;
    %load/vec4 v0x139718270_0;
    %flag_set/vec4 8;
    %jmp/0xz  T_10.2, 8;
    %load/vec4 v0x1397181d0_0;
    %cmpi/e 9, 0, 4;
    %jmp/0xz  T_10.4, 4;
    %pushi/vec4 0, 0, 4;
    %assign/vec4 v0x1397181d0_0, 0;
    %pushi/vec4 1, 0, 1;
    %assign/vec4 v0x139718080_0, 0;
    %jmp T_10.5;
T_10.4 ;
    %load/vec4 v0x1397181d0_0;
    %addi 1, 0, 4;
    %assign/vec4 v0x1397181d0_0, 0;
    %pushi/vec4 0, 0, 1;
    %assign/vec4 v0x139718080_0, 0;
T_10.5 ;
    %jmp T_10.3;
T_10.2 ;
    %pushi/vec4 0, 0, 1;
    %assign/vec4 v0x139718080_0, 0;
T_10.3 ;
T_10.1 ;
    %jmp T_10;
    .thread T_10;
    .scope S_0x139718450;
T_11 ;
    %wait E_0x139718020;
    %load/vec4 v0x139718960_0;
    %flag_set/vec4 8;
    %jmp/0xz  T_11.0, 8;
    %pushi/vec4 0, 0, 4;
    %assign/vec4 v0x139718800_0, 0;
    %pushi/vec4 0, 0, 1;
    %assign/vec4 v0x1397186a0_0, 0;
    %jmp T_11.1;
T_11.0 ;
    %load/vec4 v0x1397188b0_0;
    %flag_set/vec4 8;
    %jmp/0xz  T_11.2, 8;
    %load/vec4 v0x139718800_0;
    %cmpi/e 5, 0, 4;
    %jmp/0xz  T_11.4, 4;
    %pushi/vec4 0, 0, 4;
    %assign/vec4 v0x139718800_0, 0;
    %pushi/vec4 1, 0, 1;
    %assign/vec4 v0x1397186a0_0, 0;
    %jmp T_11.5;
T_11.4 ;
    %load/vec4 v0x139718800_0;
    %addi 1, 0, 4;
    %assign/vec4 v0x139718800_0, 0;
    %pushi/vec4 0, 0, 1;
    %assign/vec4 v0x1397186a0_0, 0;
T_11.5 ;
    %jmp T_11.3;
T_11.2 ;
    %pushi/vec4 0, 0, 1;
    %assign/vec4 v0x1397186a0_0, 0;
T_11.3 ;
T_11.1 ;
    %jmp T_11;
    .thread T_11;
    .scope S_0x139716e70;
T_12 ;
    %pushi/vec4 0, 0, 2;
    %store/vec4 v0x1397176e0_0, 0, 2;
    %end;
    .thread T_12;
    .scope S_0x139716e70;
T_13 ;
    %wait E_0x139716630;
    %load/vec4 v0x1397176e0_0;
    %addi 1, 0, 2;
    %assign/vec4 v0x1397176e0_0, 0;
    %jmp T_13;
    .thread T_13;
    .scope S_0x139716e70;
T_14 ;
    %wait E_0x139717270;
    %load/vec4 v0x1397176e0_0;
    %dup/vec4;
    %pushi/vec4 0, 0, 2;
    %cmp/u;
    %jmp/1 T_14.0, 6;
    %dup/vec4;
    %pushi/vec4 1, 0, 2;
    %cmp/u;
    %jmp/1 T_14.1, 6;
    %dup/vec4;
    %pushi/vec4 2, 0, 2;
    %cmp/u;
    %jmp/1 T_14.2, 6;
    %dup/vec4;
    %pushi/vec4 3, 0, 2;
    %cmp/u;
    %jmp/1 T_14.3, 6;
    %pushi/vec4 0, 0, 4;
    %store/vec4 v0x139717650_0, 0, 4;
    %jmp T_14.5;
T_14.0 ;
    %load/vec4 v0x139717790_0;
    %parti/s 4, 12, 5;
    %store/vec4 v0x139717650_0, 0, 4;
    %jmp T_14.5;
T_14.1 ;
    %load/vec4 v0x139717790_0;
    %parti/s 4, 8, 5;
    %store/vec4 v0x139717650_0, 0, 4;
    %jmp T_14.5;
T_14.2 ;
    %load/vec4 v0x139717790_0;
    %parti/s 4, 4, 4;
    %store/vec4 v0x139717650_0, 0, 4;
    %jmp T_14.5;
T_14.3 ;
    %load/vec4 v0x139717790_0;
    %parti/s 4, 0, 2;
    %store/vec4 v0x139717650_0, 0, 4;
    %jmp T_14.5;
T_14.5 ;
    %pop/vec4 1;
    %jmp T_14;
    .thread T_14, $push;
    .scope S_0x139716e70;
T_15 ;
    %wait E_0x139717210;
    %load/vec4 v0x1397172f0_0;
    %flag_set/vec4 8;
    %jmp/0xz  T_15.0, 8;
    %load/vec4 v0x139717a20_0;
    %flag_set/vec4 9;
    %flag_get/vec4 9;
    %jmp/0 T_15.5, 9;
    %load/vec4 v0x1397176e0_0;
    %pad/u 32;
    %cmpi/e 2, 0, 32;
    %flag_get/vec4 4;
    %jmp/1 T_15.6, 4;
    %load/vec4 v0x1397176e0_0;
    %pad/u 32;
    %pushi/vec4 3, 0, 32;
    %cmp/e;
    %flag_get/vec4 4;
    %or;
T_15.6;
    %and;
T_15.5;
    %flag_set/vec4 8;
    %jmp/1 T_15.4, 8;
    %load/vec4 v0x139717a20_0;
    %inv;
    %flag_set/vec4 10;
    %flag_get/vec4 10;
    %jmp/0 T_15.7, 10;
    %load/vec4 v0x1397176e0_0;
    %pad/u 32;
    %cmpi/e 0, 0, 32;
    %flag_get/vec4 4;
    %jmp/1 T_15.8, 4;
    %load/vec4 v0x1397176e0_0;
    %pad/u 32;
    %pushi/vec4 1, 0, 32;
    %cmp/e;
    %flag_get/vec4 4;
    %or;
T_15.8;
    %and;
T_15.7;
    %flag_set/vec4 9;
    %flag_or 8, 9;
T_15.4;
    %jmp/0xz  T_15.2, 8;
    %load/vec4 v0x139717580_0;
    %inv;
    %store/vec4 v0x139717440_0, 0, 1;
    %jmp T_15.3;
T_15.2 ;
    %pushi/vec4 1, 0, 1;
    %store/vec4 v0x139717440_0, 0, 1;
T_15.3 ;
    %jmp T_15.1;
T_15.0 ;
    %pushi/vec4 1, 0, 1;
    %store/vec4 v0x139717440_0, 0, 1;
T_15.1 ;
    %jmp T_15;
    .thread T_15, $push;
    .scope S_0x139716e70;
T_16 ;
    %wait E_0x1397171d0;
    %load/vec4 v0x139717650_0;
    %dup/vec4;
    %pushi/vec4 0, 0, 4;
    %cmp/u;
    %jmp/1 T_16.0, 6;
    %dup/vec4;
    %pushi/vec4 1, 0, 4;
    %cmp/u;
    %jmp/1 T_16.1, 6;
    %dup/vec4;
    %pushi/vec4 2, 0, 4;
    %cmp/u;
    %jmp/1 T_16.2, 6;
    %dup/vec4;
    %pushi/vec4 3, 0, 4;
    %cmp/u;
    %jmp/1 T_16.3, 6;
    %dup/vec4;
    %pushi/vec4 4, 0, 4;
    %cmp/u;
    %jmp/1 T_16.4, 6;
    %dup/vec4;
    %pushi/vec4 5, 0, 4;
    %cmp/u;
    %jmp/1 T_16.5, 6;
    %dup/vec4;
    %pushi/vec4 6, 0, 4;
    %cmp/u;
    %jmp/1 T_16.6, 6;
    %dup/vec4;
    %pushi/vec4 7, 0, 4;
    %cmp/u;
    %jmp/1 T_16.7, 6;
    %dup/vec4;
    %pushi/vec4 8, 0, 4;
    %cmp/u;
    %jmp/1 T_16.8, 6;
    %dup/vec4;
    %pushi/vec4 9, 0, 4;
    %cmp/u;
    %jmp/1 T_16.9, 6;
    %pushi/vec4 127, 0, 7;
    %store/vec4 v0x139717970_0, 0, 7;
    %jmp T_16.11;
T_16.0 ;
    %pushi/vec4 64, 0, 7;
    %store/vec4 v0x139717970_0, 0, 7;
    %jmp T_16.11;
T_16.1 ;
    %pushi/vec4 121, 0, 7;
    %store/vec4 v0x139717970_0, 0, 7;
    %jmp T_16.11;
T_16.2 ;
    %pushi/vec4 36, 0, 7;
    %store/vec4 v0x139717970_0, 0, 7;
    %jmp T_16.11;
T_16.3 ;
    %pushi/vec4 48, 0, 7;
    %store/vec4 v0x139717970_0, 0, 7;
    %jmp T_16.11;
T_16.4 ;
    %pushi/vec4 25, 0, 7;
    %store/vec4 v0x139717970_0, 0, 7;
    %jmp T_16.11;
T_16.5 ;
    %pushi/vec4 18, 0, 7;
    %store/vec4 v0x139717970_0, 0, 7;
    %jmp T_16.11;
T_16.6 ;
    %pushi/vec4 2, 0, 7;
    %store/vec4 v0x139717970_0, 0, 7;
    %jmp T_16.11;
T_16.7 ;
    %pushi/vec4 120, 0, 7;
    %store/vec4 v0x139717970_0, 0, 7;
    %jmp T_16.11;
T_16.8 ;
    %pushi/vec4 0, 0, 7;
    %store/vec4 v0x139717970_0, 0, 7;
    %jmp T_16.11;
T_16.9 ;
    %pushi/vec4 16, 0, 7;
    %store/vec4 v0x139717970_0, 0, 7;
    %jmp T_16.11;
T_16.11 ;
    %pop/vec4 1;
    %jmp T_16;
    .thread T_16, $push;
    .scope S_0x139716e70;
T_17 ;
    %wait E_0x139717180;
    %load/vec4 v0x139717440_0;
    %flag_set/vec4 8;
    %jmp/0xz  T_17.0, 8;
    %load/vec4 v0x139717970_0;
    %store/vec4 v0x139717840_0, 0, 7;
    %jmp T_17.1;
T_17.0 ;
    %pushi/vec4 127, 0, 7;
    %store/vec4 v0x139717840_0, 0, 7;
T_17.1 ;
    %jmp T_17;
    .thread T_17, $push;
    .scope S_0x139716e70;
T_18 ;
    %wait E_0x139717120;
    %load/vec4 v0x1397176e0_0;
    %dup/vec4;
    %pushi/vec4 0, 0, 2;
    %cmp/u;
    %jmp/1 T_18.0, 6;
    %dup/vec4;
    %pushi/vec4 1, 0, 2;
    %cmp/u;
    %jmp/1 T_18.1, 6;
    %dup/vec4;
    %pushi/vec4 2, 0, 2;
    %cmp/u;
    %jmp/1 T_18.2, 6;
    %dup/vec4;
    %pushi/vec4 3, 0, 2;
    %cmp/u;
    %jmp/1 T_18.3, 6;
    %pushi/vec4 15, 0, 4;
    %store/vec4 v0x1397173a0_0, 0, 4;
    %jmp T_18.5;
T_18.0 ;
    %pushi/vec4 7, 0, 4;
    %store/vec4 v0x1397173a0_0, 0, 4;
    %jmp T_18.5;
T_18.1 ;
    %pushi/vec4 11, 0, 4;
    %store/vec4 v0x1397173a0_0, 0, 4;
    %jmp T_18.5;
T_18.2 ;
    %pushi/vec4 13, 0, 4;
    %store/vec4 v0x1397173a0_0, 0, 4;
    %jmp T_18.5;
T_18.3 ;
    %pushi/vec4 14, 0, 4;
    %store/vec4 v0x1397173a0_0, 0, 4;
    %jmp T_18.5;
T_18.5 ;
    %pop/vec4 1;
    %jmp T_18;
    .thread T_18, $push;
    .scope S_0x139705300;
T_19 ;
    %pushi/vec4 0, 0, 1;
    %store/vec4 v0x13971ba70_0, 0, 1;
T_19.0 ;
    %delay 5000, 0;
    %load/vec4 v0x13971ba70_0;
    %inv;
    %store/vec4 v0x13971ba70_0, 0, 1;
    %jmp T_19.0;
    %end;
    .thread T_19;
    .scope S_0x139705300;
T_20 ;
    %pushi/vec4 0, 0, 1;
    %store/vec4 v0x13971b9e0_0, 0, 1;
    %pushi/vec4 0, 0, 1;
    %store/vec4 v0x13971b900_0, 0, 1;
    %pushi/vec4 0, 0, 1;
    %store/vec4 v0x13971bc50_0, 0, 1;
    %pushi/vec4 0, 0, 1;
    %store/vec4 v0x13971bd20_0, 0, 1;
    %delay 20000, 0;
    %pushi/vec4 1, 0, 1;
    %store/vec4 v0x13971b9e0_0, 0, 1;
    %delay 20000, 0;
    %pushi/vec4 0, 0, 1;
    %store/vec4 v0x13971b9e0_0, 0, 1;
    %delay 658067456, 1164;
    %pushi/vec4 1, 0, 1;
    %store/vec4 v0x13971b900_0, 0, 1;
    %delay 100000, 0;
    %pushi/vec4 0, 0, 1;
    %store/vec4 v0x13971b900_0, 0, 1;
    %delay 3567587328, 232;
    %pushi/vec4 1, 0, 1;
    %store/vec4 v0x13971b900_0, 0, 1;
    %delay 100000, 0;
    %pushi/vec4 0, 0, 1;
    %store/vec4 v0x13971b900_0, 0, 1;
    %pushi/vec4 1, 0, 1;
    %store/vec4 v0x13971bc50_0, 0, 1;
    %pushi/vec4 1, 0, 1;
    %store/vec4 v0x13971bd20_0, 0, 1;
    %delay 2112827392, 698;
    %pushi/vec4 0, 0, 1;
    %store/vec4 v0x13971bd20_0, 0, 1;
    %delay 2112827392, 698;
    %pushi/vec4 0, 0, 1;
    %store/vec4 v0x13971bc50_0, 0, 1;
    %delay 3567587328, 232;
    %vpi_call 2 93 "$stop" {0 0 0};
    %end;
    .thread T_20;
# The file index is used to find the file name in the following table.
:file_names 11;
    "N/A";
    "<interactive>";
    "stopwatch_tb.v";
    "stopwatch.v";
    "clock_divider.v";
    "debounce.v";
    "sev_segment.v";
    "minutes_counter.v";
    "decade_counter.v";
    "mod_6_counter.v";
    "seconds_counter.v";
